<?xml version="1.0" encoding="UTF-8" standalone="yes"?><!DOCTYPE report PUBLIC "-//JACOCO//DTD Report 1.0//EN" "report.dtd"><report name="JMXProxy"><sessioninfo id="testing-docker-dfbe1a2b-99c3-4d72-b0c0-a6f1de43f654-72eb2eb0" start="1485832853921" dump="1485832905678"/><sessioninfo id="testing-docker-dfbe1a2b-99c3-4d72-b0c0-a6f1de43f654-d3fe7f85" start="1485832906378" dump="1485832911056"/><sessioninfo id="testing-docker-dfbe1a2b-99c3-4d72-b0c0-a6f1de43f654-e75477b" start="1485832911735" dump="1485832913043"/><sessioninfo id="testing-docker-dfbe1a2b-99c3-4d72-b0c0-a6f1de43f654-6ab53f21" start="1485832913659" dump="1485832921707"/><sessioninfo id="testing-docker-dfbe1a2b-99c3-4d72-b0c0-a6f1de43f654-e306a949" start="1485832922339" dump="1485832922908"/><sessioninfo id="testing-docker-dfbe1a2b-99c3-4d72-b0c0-a6f1de43f654-3263a5c7" start="1485832923515" dump="1485832924111"/><sessioninfo id="testing-docker-dfbe1a2b-99c3-4d72-b0c0-a6f1de43f654-7308de6a" start="1485832924723" dump="1485832925976"/><sessioninfo id="testing-docker-dfbe1a2b-99c3-4d72-b0c0-a6f1de43f654-f7c0c923" start="1485832926612" dump="1485832929603"/><sessioninfo id="testing-docker-dfbe1a2b-99c3-4d72-b0c0-a6f1de43f654-7fa3d42a" start="1485832930332" dump="1485832993900"/><sessioninfo id="testing-docker-dfbe1a2b-99c3-4d72-b0c0-a6f1de43f654-2dc9320a" start="1485832994561" dump="1485832999162"/><sessioninfo id="testing-docker-dfbe1a2b-99c3-4d72-b0c0-a6f1de43f654-4a5a24a8" start="1485832999803" dump="1485833001112"/><sessioninfo id="testing-docker-dfbe1a2b-99c3-4d72-b0c0-a6f1de43f654-b1713008" start="1485833001712" dump="1485833009662"/><sessioninfo id="testing-docker-dfbe1a2b-99c3-4d72-b0c0-a6f1de43f654-cc2c8975" start="1485833010299" dump="1485833010865"/><sessioninfo id="testing-docker-dfbe1a2b-99c3-4d72-b0c0-a6f1de43f654-e0ea0f9" start="1485833011461" dump="1485833012072"/><sessioninfo id="testing-docker-dfbe1a2b-99c3-4d72-b0c0-a6f1de43f654-4c47cb53" start="1485833012660" dump="1485833013870"/><sessioninfo id="testing-docker-dfbe1a2b-99c3-4d72-b0c0-a6f1de43f654-e4c2138b" start="1485833014502" dump="1485833017852"/></report>